<?xml version="1.0" encoding="UTF-8"?>
<testsuite xmlns:xsi="http://www.w3.org/2001/XMLSchema-instance" xsi:noNamespaceSchemaLocation="https://maven.apache.org/surefire/maven-surefire-plugin/xsd/surefire-test-report.xsd" name="poorbox.app.AppTest" time="0.29" tests="13" errors="0" skipped="0" failures="0">
  <properties>
[...]
</properties>
  <testcase name="checkEventDateOrderAndInclusion" classname="poorbox.app.AppTest" time="0.138"/>
  <testcase name="addOne" classname="poorbox.app.AppTest" time="0.002"/>
  <testcase name="addTwo" classname="poorbox.app.AppTest" time="0.003"/>
  <testcase name="addOneAndRemove" classname="poorbox.app.AppTest" time="0.001"/>
  <testcase name="removeNullEventCalendar" classname="poorbox.app.AppTest" time="0.001"/>
  <testcase name="checkEventTimeOrderAndInclusion" classname="poorbox.app.AppTest" time="0.003"/>
  <testcase name="addTwoReverseOrder" classname="poorbox.app.AppTest" time="0.002"/>
  <testcase name="addOnePast" classname="poorbox.app.AppTest" time="0"/>
  <testcase name="addNullEvent" classname="poorbox.app.AppTest" time="0"/>
  <testcase name="emptyCalendar" classname="poorbox.app.AppTest" time="0"/>
  <testcase name="removeFromEmptyCalendar" classname="poorbox.app.AppTest" time="0"/>
  <testcase name="checkEventTimeOrderAndInclusionWithDefaults" classname="poorbox.app.AppTest" time="0.034"/>
  <testcase name="addOneFutureOnePast" classname="poorbox.app.AppTest" time="0.001"/>
</testsuite>